
[2026-05-31 18:17:52] Pré-vérifications
  [OK]   Pré-vérifications locales

ATTENTION : opération destructive.
Ce script va détruire puis recréer le LXC DNS1.

  VMID Terraform attendu : 150
  Ressource Terraform    : proxmox_virtual_environment_container.unbound_01
  IP DNS                 : 10.10.10.53
  Hostname DNS           : dns1.lab.example
  Terraform dir          : /root/proxmox-unbound-iac/terraform/proxmox
  Ansible dir            : /root/proxmox-unbound-iac/ansible


[2026-05-31 18:17:52] Nettoyage known_hosts pour 10.10.10.53
  [OK]   Ancienne empreinte SSH supprimée si présente

[2026-05-31 18:17:52] Initialisation Terraform

Initializing the backend...

Initializing provider plugins...
- Reusing previous version of bpg/proxmox from the dependency lock file
- Using previously-installed bpg/proxmox v0.107.0

Terraform has been successfully initialized!

You may now begin working with Terraform. Try running "terraform plan" to see
any changes that are required for your infrastructure. All Terraform commands
should now work.

If you ever set or change modules or backend configuration for Terraform,
rerun this command to reinitialize your working directory. If you forget, other
commands will detect it and remind you to do so if necessary.
Success! The configuration is valid.

  [OK]   Terraform init/validate OK

[2026-05-31 18:17:52] Destruction Terraform ciblée du LXC 150
proxmox_virtual_environment_container.unbound_01: Refreshing state... [id=150]

Terraform used the selected providers to generate the following execution
plan. Resource actions are indicated with the following symbols:
  - destroy

Terraform will perform the following actions:

  # proxmox_virtual_environment_container.unbound_01 will be destroyed
  - resource "proxmox_virtual_environment_container" "unbound_01" {
      - description           = <<-EOT
            LXC Unbound DNS resolver - managed by Terraform
        EOT -> null
      - environment_variables = {} -> null
      - id                    = "150" -> null
      - ipv4                  = {
          - "eth0" = "10.10.10.53"
        } -> null
      - ipv6                  = {
          - "eth0" = "2001:db8:1::53"
        } -> null
      - node_name             = "proxmox" -> null
      - protection            = false -> null
      - start_on_boot         = true -> null
      - started               = true -> null
      - tags                  = [
          - "dns",
          - "iac",
          - "unbound",
        ] -> null
      - template              = false -> null
      - timeout_clone         = 1800 -> null
      - timeout_create        = 1800 -> null
      - timeout_delete        = 60 -> null
      - timeout_start         = 300 -> null
      - timeout_update        = 1800 -> null
      - unprivileged          = true -> null
      - vm_id                 = 150 -> null

      - cpu {
          - architecture = "amd64" -> null
          - cores        = 2 -> null
          - limit        = 0 -> null
          - units        = 0 -> null
        }

      - disk {
          - acl               = false -> null
          - datastore_id      = "local-zfs" -> null
          - mount_options     = [] -> null
          - path_in_datastore = "local-zfs:subvol-150-disk-0" -> null
          - quota             = false -> null
          - replicate         = false -> null
          - size              = 8 -> null
        }

      - features {
          - fuse    = false -> null
          - keyctl  = false -> null
          - mknod   = false -> null
          - mount   = [] -> null
          - nesting = true -> null
        }

      - initialization {
          - hostname = "lxc-unbound-01" -> null

          - dns {
              - servers = [
                  - "10.10.10.10",
                ] -> null
            }

          - ip_config {
              - ipv4 {
                  - address = "10.10.10.53/24" -> null
                  - gateway = "10.10.10.1" -> null
                }
              - ipv6 {
                  - address = "auto" -> null
                }
            }

          - user_account {
              - keys = [
                  - "ssh-ed25519 AAAAC3NzaC1lZDI1NTE5AAAA<REDACTED-PUBLIC-KEY> admin@lab.example",
                ] -> null
            }
        }

      - memory {
          - dedicated = 1024 -> null
          - swap      = 0 -> null
        }

      - network_interface {
          - bridge       = "vmbr0" -> null
          - enabled      = true -> null
          - firewall     = false -> null
          - host_managed = false -> null
          - mac_address  = "BC:24:11:00:00:53" -> null
          - mtu          = 0 -> null
          - name         = "eth0" -> null
          - rate_limit   = 0 -> null
          - vlan_id      = 0 -> null
        }

      - operating_system {
          - template_file_id = "local:vztmpl/debian-13-standard_13.1-2_amd64.tar.zst" -> null
          - type             = "debian" -> null
        }
    }

Plan: 0 to add, 0 to change, 1 to destroy.
proxmox_virtual_environment_container.unbound_01: Destroying... [id=150]
proxmox_virtual_environment_container.unbound_01: Destruction complete after 3s
╷
│ Warning: Resource targeting is in effect
│ 
│ You are creating a plan with the -target option, which means that the
│ result of this plan may not represent all of the changes requested by the
│ current configuration.
│ 
│ The -target option is not for routine use, and is provided only for
│ exceptional situations such as recovering from errors or mistakes, or when
│ Terraform specifically suggests to use it as part of an error message.
╵
╷
│ Warning: Applied changes may be incomplete
│ 
│ The plan was created with the -target option in effect, so some changes
│ requested in the configuration may have been ignored and the output values
│ may not be fully updated. Run the following command to verify that no other
│ changes are pending:
│     terraform plan
│ 	
│ Note that the -target option is not suitable for routine use, and is
│ provided only for exceptional situations such as recovering from errors or
│ mistakes, or when Terraform specifically suggests to use it as part of an
│ error message.
╵

Destroy complete! Resources: 1 destroyed.
  [OK]   LXC détruit via Terraform

[2026-05-31 18:17:56] Nouvelle suppression known_hosts après destruction
  [OK]   known_hosts nettoyé avant recréation

[2026-05-31 18:17:56] Création du LXC DNS1 via Terraform

Terraform used the selected providers to generate the following execution
plan. Resource actions are indicated with the following symbols:
  + create

Terraform will perform the following actions:

  # proxmox_virtual_environment_container.unbound_01 will be created
  + resource "proxmox_virtual_environment_container" "unbound_01" {
      + description    = <<-EOT
            LXC Unbound DNS resolver - managed by Terraform
        EOT
      + id             = (known after apply)
      + ipv4           = (known after apply)
      + ipv6           = (known after apply)
      + node_name      = "proxmox"
      + protection     = false
      + start_on_boot  = true
      + started        = true
      + tags           = [
          + "dns",
          + "unbound",
          + "iac",
        ]
      + template       = false
      + timeout_clone  = 1800
      + timeout_create = 1800
      + timeout_delete = 60
      + timeout_start  = 300
      + timeout_update = 1800
      + unprivileged   = true
      + vm_id          = 150

      + cpu {
          + architecture = "amd64"
          + cores        = 2
          + limit        = 0
          + units        = (known after apply)
        }

      + disk {
          + acl               = false
          + datastore_id      = "local-zfs"
          + path_in_datastore = (known after apply)
          + quota             = false
          + replicate         = false
          + size              = 8
        }

      + features {
          + fuse    = false
          + keyctl  = false
          + mknod   = false
          + nesting = true
        }

      + initialization {
          + hostname = "lxc-unbound-01"

          + dns {
              + servers = [
                  + "10.10.10.10",
                ]
            }

          + ip_config {
              + ipv4 {
                  + address = "10.10.10.53/24"
                  + gateway = "10.10.10.1"
                }
              + ipv6 {
                  + address = "auto"
                }
            }

          + user_account {
              + keys = [
                  + "ssh-ed25519 AAAAC3NzaC1lZDI1NTE5AAAA<REDACTED-PUBLIC-KEY> admin@lab.example",
                ]
            }
        }

      + memory {
          + dedicated = 1024
          + swap      = 0
        }

      + network_interface {
          + bridge       = "vmbr0"
          + enabled      = true
          + firewall     = false
          + host_managed = false
          + mac_address  = (known after apply)
          + mtu          = 0
          + name         = "eth0"
          + rate_limit   = 0
          + vlan_id      = 0
        }

      + operating_system {
          + template_file_id = "local:vztmpl/debian-13-standard_13.1-2_amd64.tar.zst"
          + type             = "debian"
        }
    }

Plan: 1 to add, 0 to change, 0 to destroy.
proxmox_virtual_environment_container.unbound_01: Creating...
proxmox_virtual_environment_container.unbound_01: Creation complete after 3s [id=150]

Apply complete! Resources: 1 added, 0 changed, 0 destroyed.
  [OK]   LXC créé via Terraform

[2026-05-31 18:17:59] Attente SSH sur 10.10.10.53
  [OK]   SSH disponible sur 10.10.10.53

[2026-05-31 18:18:01] Validation Ansible ping/pong
lxc-unbound-01 | SUCCESS => {
    "ansible_facts": {
        "discovered_interpreter_python": "/usr/bin/python3.13"
    },
    "changed": false,
    "ping": "pong"
}
  [OK]   Ansible ping OK

[2026-05-31 18:18:02] Installation et configuration Unbound via Ansible

PLAY [Configure Unbound DNS resolver] ******************************************

TASK [Gathering Facts] *********************************************************
ok: [lxc-unbound-01]

TASK [unbound : Install Unbound and required tools] ****************************
changed: [lxc-unbound-01]

TASK [unbound : Ensure Unbound directory exists] *******************************
ok: [lxc-unbound-01]

TASK [unbound : Download root hints] *******************************************
changed: [lxc-unbound-01]

TASK [unbound : Ensure Debian Unbound root trust anchor exists] ****************
ok: [lxc-unbound-01]

TASK [unbound : Deploy DoT certificate] ****************************************
changed: [lxc-unbound-01]

TASK [unbound : Deploy DoT private key] ****************************************
changed: [lxc-unbound-01]

TASK [unbound : Create Unbound log file] ***************************************
changed: [lxc-unbound-01]

TASK [unbound : Deploy Unbound configuration] ****************************
changed: [lxc-unbound-01]

TASK [unbound : Ensure Unbound is enabled and started] *************************
ok: [lxc-unbound-01]

RUNNING HANDLER [unbound : Check Unbound configuration] ************************
ok: [lxc-unbound-01]

RUNNING HANDLER [unbound : Restart Unbound] ************************************
changed: [lxc-unbound-01]

PLAY RECAP *********************************************************************
lxc-unbound-01             : ok=12   changed=7    unreachable=0    failed=0    skipped=1    rescued=0    ignored=0   

  [OK]   Playbook Ansible terminé sans erreur

[2026-05-31 18:18:12] Vérifications système Unbound dans le LXC
  [OK]   unbound-checkconf OK
  [OK]   service Unbound actif
  [OK]   écoute UDP/53
  [OK]   écoute TCP/53
  [OK]   écoute TCP/853

[2026-05-31 18:18:13] Tests DNS classiques depuis Kali
  [OK]   local-data gateway.lab.example -> 10.10.10.1
  [OK]   local-data dns1.lab.example -> 10.10.10.53
  [OK]   résolution externe UDP/53
  [OK]   résolution externe TCP/53
  [OK]   PTR local 10.10.10.110 -> proxmox.lab.example

[2026-05-31 18:18:13] Tests DNSSEC
  [OK]   DNSSEC valide avec flag AD
  [OK]   DNSSEC invalide -> SERVFAIL
  [OK]   DNSSEC sigfail -> SERVFAIL (test complémentaire)

[2026-05-31 18:18:47] Tests DNS-over-TLS TCP/853
  [OK]   TLS handshake 853 valide
  [OK]   requête DoT via kdig

============================================================
Résumé dns1_setup.sh
============================================================
Log complet : /tmp/dns1_setup_20260531_181752.log

Points OK :
  - Pré-vérifications locales
  - Ancienne empreinte SSH supprimée si présente
  - Terraform init/validate OK
  - LXC détruit via Terraform
  - known_hosts nettoyé avant recréation
  - LXC créé via Terraform
  - SSH disponible sur 10.10.10.53
  - Ansible ping OK
  - Playbook Ansible terminé sans erreur
  - unbound-checkconf OK
  - service Unbound actif
  - écoute UDP/53
  - écoute TCP/53
  - écoute TCP/853
  - local-data gateway.lab.example -> 10.10.10.1
  - local-data dns1.lab.example -> 10.10.10.53
  - résolution externe UDP/53
  - résolution externe TCP/53
  - PTR local 10.10.10.110 -> proxmox.lab.example
  - DNSSEC valide avec flag AD
  - DNSSEC invalide -> SERVFAIL
  - DNSSEC sigfail -> SERVFAIL (test complémentaire)
  - TLS handshake 853 valide
  - requête DoT via kdig

Points en avertissement :
  Aucun

Points en échec :
  Aucun
============================================================

Résultat final : OK - DNS1 est recréé, configuré et fonctionnel sur 53/853.
