[2026-05-31 18:17:52] Pre-checks
  [OK]   Local pre-checks

WARNING: destructive operation.
This script will destroy then recreate the DNS1 LXC.

  Expected Terraform VMID : 150
  Terraform resource      : proxmox_virtual_environment_container.unbound_01
  DNS IP                  : 10.10.10.53
  DNS hostname            : dns1.lab.example
  Terraform dir           : /root/proxmox-unbound-iac/terraform/proxmox
  Ansible dir             : /root/proxmox-unbound-iac/ansible


[2026-05-31 18:17:52] Cleaning known_hosts for 10.10.10.53
  [OK]   Old SSH fingerprint removed if present

[2026-05-31 18:17:52] Terraform initialization

Initializing the backend...

Initializing provider plugins...
- Reusing previous version of bpg/proxmox from the dependency lock file
- Using previously-installed bpg/proxmox v0.107.0

Terraform has been successfully initialized!

You may now begin working with Terraform. Try running "terraform plan" to see
any changes that are required for your infrastructure. All Terraform commands
should now work.

If you ever set or change modules or backend configuration for Terraform,
rerun this command to reinitialize your working directory. If you forget, other
commands will detect it and remind you to do so if necessary.
Success! The configuration is valid.

  [OK]   Terraform init/validate OK

[2026-05-31 18:17:52] Targeted Terraform destruction of LXC 150
proxmox_virtual_environment_container.unbound_01: Refreshing state... [id=150]

Terraform used the selected providers to generate the following execution
plan. Resource actions are indicated with the following symbols:
  - destroy

Terraform will perform the following actions:

  # proxmox_virtual_environment_container.unbound_01 will be destroyed
  - resource "proxmox_virtual_environment_container" "unbound_01" {
      - description           = <<-EOT
            LXC Unbound DNS resolver - managed by Terraform
        EOT -> null
      - environment_variables = {} -> null
      - id                    = "150" -> null
      - ipv4                  = {
          - "eth0" = "10.10.10.53"
        } -> null
      - ipv6                  = {
          - "eth0" = "2001:db8:1::53"
        } -> null
      - node_name             = "proxmox" -> null
      - protection            = false -> null
      - start_on_boot         = true -> null
      - started               = true -> null
      - tags                  = [
          - "dns",
          - "iac",
          - "unbound",
        ] -> null
      - template              = false -> null
      - timeout_clone         = 1800 -> null
      - timeout_create        = 1800 -> null
      - timeout_delete        = 60 -> null
      - timeout_start         = 300 -> null
      - timeout_update        = 1800 -> null
      - unprivileged          = true -> null
      - vm_id                 = 150 -> null

      - cpu {
          - architecture = "amd64" -> null
          - cores        = 2 -> null
          - limit        = 0 -> null
          - units        = 0 -> null
        }

      - disk {
          - acl               = false -> null
          - datastore_id      = "local-zfs" -> null
          - mount_options     = [] -> null
          - path_in_datastore = "local-zfs:subvol-150-disk-0" -> null
          - quota             = false -> null
          - replicate         = false -> null
          - size              = 8 -> null
        }

      - features {
          - fuse    = false -> null
          - keyctl  = false -> null
          - mknod   = false -> null
          - mount   = [] -> null
          - nesting = true -> null
        }

      - initialization {
          - hostname = "lxc-unbound-01" -> null

          - dns {
              - servers = [
                  - "10.10.10.10",
                ] -> null
            }

          - ip_config {
              - ipv4 {
                  - address = "10.10.10.53/24" -> null
                  - gateway = "10.10.10.1" -> null
                }
              - ipv6 {
                  - address = "auto" -> null
                }
            }

          - user_account {
              - keys = [
                  - "ssh-ed25519 AAAAC3NzaC1lZDI1NTE5AAAA<REDACTED-PUBLIC-KEY> admin@lab.example",
                ] -> null
            }
        }

      - memory {
          - dedicated = 1024 -> null
          - swap      = 0 -> null
        }

      - network_interface {
          - bridge       = "vmbr0" -> null
          - enabled      = true -> null
          - firewall     = false -> null
          - host_managed = false -> null
          - mac_address  = "BC:24:11:00:00:53" -> null
          - mtu          = 0 -> null
          - name         = "eth0" -> null
          - rate_limit   = 0 -> null
          - vlan_id      = 0 -> null
        }

      - operating_system {
          - template_file_id = "local:vztmpl/debian-13-standard_13.1-2_amd64.tar.zst" -> null
          - type             = "debian" -> null
        }
    }

Plan: 0 to add, 0 to change, 1 to destroy.
proxmox_virtual_environment_container.unbound_01: Destroying... [id=150]
proxmox_virtual_environment_container.unbound_01: Destruction complete after 3s
╷
│ Warning: Resource targeting is in effect
│ 
│ You are creating a plan with the -target option, which means that the
│ result of this plan may not represent all of the changes requested by the
│ current configuration.
│ 
│ The -target option is not for routine use, and is provided only for
│ exceptional situations such as recovering from errors or mistakes, or when
│ Terraform specifically suggests to use it as part of an error message.
╵
╷
│ Warning: Applied changes may be incomplete
│ 
│ The plan was created with the -target option in effect, so some changes
│ requested in the configuration may have been ignored and the output values
│ may not be fully updated. Run the following command to verify that no other
│ changes are pending:
│     terraform plan
│ 	
│ Note that the -target option is not suitable for routine use, and is
│ provided only for exceptional situations such as recovering from errors or
│ mistakes, or when Terraform specifically suggests to use it as part of an
│ error message.
╵

Destroy complete! Resources: 1 destroyed.
  [OK]   LXC destroyed via Terraform

[2026-05-31 18:17:56] Removing known_hosts again after destruction
  [OK]   known_hosts cleaned before recreation

[2026-05-31 18:17:56] Creating the DNS1 LXC via Terraform

Terraform used the selected providers to generate the following execution
plan. Resource actions are indicated with the following symbols:
  + create

Terraform will perform the following actions:

  # proxmox_virtual_environment_container.unbound_01 will be created
  + resource "proxmox_virtual_environment_container" "unbound_01" {
      + description    = <<-EOT
            LXC Unbound DNS resolver - managed by Terraform
        EOT
      + id             = (known after apply)
      + ipv4           = (known after apply)
      + ipv6           = (known after apply)
      + node_name      = "proxmox"
      + protection     = false
      + start_on_boot  = true
      + started        = true
      + tags           = [
          + "dns",
          + "unbound",
          + "iac",
        ]
      + template       = false
      + timeout_clone  = 1800
      + timeout_create = 1800
      + timeout_delete = 60
      + timeout_start  = 300
      + timeout_update = 1800
      + unprivileged   = true
      + vm_id          = 150

      + cpu {
          + architecture = "amd64"
          + cores        = 2
          + limit        = 0
          + units        = (known after apply)
        }

      + disk {
          + acl               = false
          + datastore_id      = "local-zfs"
          + path_in_datastore = (known after apply)
          + quota             = false
          + replicate         = false
          + size              = 8
        }

      + features {
          + fuse    = false
          + keyctl  = false
          + mknod   = false
          + nesting = true
        }

      + initialization {
          + hostname = "lxc-unbound-01"

          + dns {
              + servers = [
                  + "10.10.10.10",
                ]
            }

          + ip_config {
              + ipv4 {
                  + address = "10.10.10.53/24"
                  + gateway = "10.10.10.1"
                }
              + ipv6 {
                  + address = "auto"
                }
            }

          + user_account {
              + keys = [
                  + "ssh-ed25519 AAAAC3NzaC1lZDI1NTE5AAAA<REDACTED-PUBLIC-KEY> admin@lab.example",
                ]
            }
        }

      + memory {
          + dedicated = 1024
          + swap      = 0
        }

      + network_interface {
          + bridge       = "vmbr0"
          + enabled      = true
          + firewall     = false
          + host_managed = false
          + mac_address  = (known after apply)
          + mtu          = 0
          + name         = "eth0"
          + rate_limit   = 0
          + vlan_id      = 0
        }

      + operating_system {
          + template_file_id = "local:vztmpl/debian-13-standard_13.1-2_amd64.tar.zst"
          + type             = "debian"
        }
    }

Plan: 1 to add, 0 to change, 0 to destroy.
proxmox_virtual_environment_container.unbound_01: Creating...
proxmox_virtual_environment_container.unbound_01: Creation complete after 3s [id=150]

Apply complete! Resources: 1 added, 0 changed, 0 destroyed.
  [OK]   LXC created via Terraform

[2026-05-31 18:17:59] Waiting for SSH on 10.10.10.53
  [OK]   SSH available on 10.10.10.53

[2026-05-31 18:18:01] Ansible ping/pong validation
lxc-unbound-01 | SUCCESS => {
    "ansible_facts": {
        "discovered_interpreter_python": "/usr/bin/python3.13"
    },
    "changed": false,
    "ping": "pong"
}
  [OK]   Ansible ping OK

[2026-05-31 18:18:02] Installing and configuring Unbound via Ansible

PLAY [Configure Unbound DNS resolver] ******************************************

TASK [Gathering Facts] *********************************************************
ok: [lxc-unbound-01]

TASK [unbound : Install Unbound and required tools] ****************************
changed: [lxc-unbound-01]

TASK [unbound : Ensure Unbound directory exists] *******************************
ok: [lxc-unbound-01]

TASK [unbound : Download root hints] *******************************************
changed: [lxc-unbound-01]

TASK [unbound : Ensure Debian Unbound root trust anchor exists] ****************
ok: [lxc-unbound-01]

TASK [unbound : Deploy DoT certificate] ****************************************
changed: [lxc-unbound-01]

TASK [unbound : Deploy DoT private key] ****************************************
changed: [lxc-unbound-01]

TASK [unbound : Create Unbound log file] ***************************************
changed: [lxc-unbound-01]

TASK [unbound : Deploy Unbound configuration] ****************************
changed: [lxc-unbound-01]

TASK [unbound : Ensure Unbound is enabled and started] *************************
ok: [lxc-unbound-01]

RUNNING HANDLER [unbound : Check Unbound configuration] ************************
ok: [lxc-unbound-01]

RUNNING HANDLER [unbound : Restart Unbound] ************************************
changed: [lxc-unbound-01]

PLAY RECAP *********************************************************************
lxc-unbound-01             : ok=12   changed=7    unreachable=0    failed=0    skipped=1    rescued=0    ignored=0   

  [OK]   Ansible playbook completed without error

[2026-05-31 18:18:12] Unbound system checks inside the LXC
  [OK]   unbound-checkconf OK
  [OK]   Unbound service active
  [OK]   UDP/53 listener
  [OK]   TCP/53 listener
  [OK]   TCP/853 listener

[2026-05-31 18:18:13] Standard DNS tests from Kali
  [OK]   local-data gateway.lab.example -> 10.10.10.1
  [OK]   local-data dns1.lab.example -> 10.10.10.53
  [OK]   external resolution UDP/53
  [OK]   external resolution TCP/53
  [OK]   local PTR 10.10.10.110 -> proxmox.lab.example

[2026-05-31 18:18:13] DNSSEC tests
  [OK]   DNSSEC valid with AD flag
  [OK]   DNSSEC invalid -> SERVFAIL
  [OK]   DNSSEC sigfail -> SERVFAIL (additional test)

[2026-05-31 18:18:47] DNS-over-TLS tests TCP/853
  [OK]   TLS handshake 853 valid
  [OK]   DoT query via kdig

============================================================
dns1_setup.sh summary
============================================================
Full log : /tmp/dns1_setup_20260531_181752.log

OK items:
  - Local pre-checks
  - Old SSH fingerprint removed if present
  - Terraform init/validate OK
  - LXC destroyed via Terraform
  - known_hosts cleaned before recreation
  - LXC created via Terraform
  - SSH available on 10.10.10.53
  - Ansible ping OK
  - Ansible playbook completed without error
  - unbound-checkconf OK
  - Unbound service active
  - UDP/53 listener
  - TCP/53 listener
  - TCP/853 listener
  - local-data gateway.lab.example -> 10.10.10.1
  - local-data dns1.lab.example -> 10.10.10.53
  - external resolution UDP/53
  - external resolution TCP/53
  - local PTR 10.10.10.110 -> proxmox.lab.example
  - DNSSEC valid with AD flag
  - DNSSEC invalid -> SERVFAIL
  - DNSSEC sigfail -> SERVFAIL (additional test)
  - TLS handshake 853 valid
  - DoT query via kdig

Warning items:
  None

Failure items:
  None
============================================================

Final result: OK - DNS1 recreated, configured and operational on 53/853.
